<?xml version="1.0" encoding="UTF-8"?>
<!-- Generated by org.testng.reporters.JUnitXMLReporter -->
<testsuite ignored="0" hostname="william-pc" failures="0" tests="3" name="testngTest" time="141.985" errors="0" timestamp="2019-10-21T15:13:33 IST">
  <testcase classname="com.hrms.TestScripts.TC_101" name="main" time="33.208"/>
  <testcase classname="com.hrms.TestScripts.TC_102" name="main" time="53.523"/>
  <testcase classname="com.hrms.TestScripts.TC_103" name="main" time="55.183"/>
</testsuite> <!-- testngTest -->
